<?xml version="1.0" encoding="UTF-8"?>
<!-- Generated by org.testng.reporters.JUnitXMLReporter -->
<testsuite ignored="0" hostname="KDC1-L-CXJ1NW2" failures="0" tests="4" name="Default test" time="5.789" errors="0" timestamp="2023-02-20T23:01:35 IST">
  <testcase classname="CRUD_Operations.HttpMethodsTest" name="fetchData" time="3.231"/>
  <testcase classname="CRUD_Operations.HttpMethodsTest" name="createUser" time="0.979"/>
  <testcase classname="CRUD_Operations.HttpMethodsTest" name="updateData" time="0.824"/>
  <testcase classname="CRUD_Operations.HttpMethodsTest" name="deleteData" time="0.619"/>
</testsuite> <!-- Default test -->
