<?xml version="1.0" encoding="UTF-8"?>
<testng-results ignored="0" total="4" passed="4" failed="0" skipped="0">
  <reporter-output>
  </reporter-output>
  <suite started-at="2023-02-20T23:01:29 IST" name="Default suite" finished-at="2023-02-20T23:01:35 IST" duration-ms="5789">
    <groups>
    </groups>
    <test started-at="2023-02-20T23:01:29 IST" name="Default test" finished-at="2023-02-20T23:01:35 IST" duration-ms="5789">
      <class name="CRUD_Operations.HttpMethodsTest">
        <test-method signature="fetchData()[pri:1, instance:CRUD_Operations.HttpMethodsTest@3232a28a]" started-at="2023-02-20T23:01:30 IST" name="fetchData" finished-at="2023-02-20T23:01:33 IST" duration-ms="3231" status="PASS">
          <reporter-output>
          </reporter-output>
        </test-method> <!-- fetchData -->
        <test-method signature="createUser()[pri:2, instance:CRUD_Operations.HttpMethodsTest@3232a28a]" started-at="2023-02-20T23:01:33 IST" name="createUser" finished-at="2023-02-20T23:01:34 IST" duration-ms="979" status="PASS">
          <reporter-output>
          </reporter-output>
        </test-method> <!-- createUser -->
        <test-method signature="updateData()[pri:3, instance:CRUD_Operations.HttpMethodsTest@3232a28a]" started-at="2023-02-20T23:01:34 IST" name="updateData" finished-at="2023-02-20T23:01:35 IST" depends-on-methods="CRUD_Operations.HttpMethodsTest.createUser" duration-ms="824" status="PASS">
          <reporter-output>
          </reporter-output>
        </test-method> <!-- updateData -->
        <test-method signature="deleteData()[pri:4, instance:CRUD_Operations.HttpMethodsTest@3232a28a]" started-at="2023-02-20T23:01:35 IST" name="deleteData" finished-at="2023-02-20T23:01:35 IST" depends-on-methods="CRUD_Operations.HttpMethodsTest.createUser" duration-ms="619" status="PASS">
          <reporter-output>
          </reporter-output>
        </test-method> <!-- deleteData -->
      </class> <!-- CRUD_Operations.HttpMethodsTest -->
    </test> <!-- Default test -->
  </suite> <!-- Default suite -->
</testng-results>
